<?xml version="1.0" encoding="UTF-8"?>
<beans xmlns="http://www.springframework.org/schema/beans"
	xmlns:xsi="http://www.w3.org/2001/XMLSchema-instance"
	xmlns:gfe="http://www.springframework.org/schema/gemfire"
	xmlns:util="http://www.springframework.org/schema/util"
	xsi:schemaLocation="http://www.springframework.org/schema/gemfire http://www.springframework.org/schema/gemfire/spring-gemfire-1.2.xsd
		http://www.springframework.org/schema/beans http://www.springframework.org/schema/beans/spring-beans.xsd
		http://www.springframework.org/schema/util http://www.springframework.org/schema/util/spring-util-3.1.xsd">


	<gfe:client-cache id="cache" pool-name="pool" pdx-read-serialized="false" pdx-serializer-ref="pdxSerializer"/>

	<gfe:pool id="pool" >
		<gfe:locator host="localhost" port="9999"/>
	</gfe:pool>
		
	<gfe:client-region id="revenueControlRegion" name="RevenueControl" data-policy="EMPTY" cache-ref="cache" pool-name="pool"/>
	
	<bean id="pdxSerializer" class="com.gemstone.gemfire.pdx.ReflectionBasedAutoSerializer">
		<constructor-arg>
			<util:list value-type="java.lang.String">
				<value>io.pivotal.pde.sample.airline.domain.*</value>
			</util:list>
		</constructor-arg>
	</bean>

</beans>
